
================================================================================
Email logged at: 2026-02-12 06:19:54
To: superadmin <dinweh@outlook.com>
Subject: [G-Portal Alert] System down: testing down 4.4.4.4
--------------------------------------------------------------------------------
G-PORTAL SYSTEM ALERT
============================================================

SYSTEM: testing down 4.4.4.4
STATUS: DOWN

------------------------------------------------------------

Status Change: online → down
Domain: 4.4.4.4.4
Changed By: superadmin
Time: February 12, 2026 at 6:19 AM
Note: test down system

------------------------------------------------------------
View system: https://4.4.4.4.4

This is an automated notification from G-Portal.
Please do not reply to this email.

================================================================================

================================================================================
Email logged at: 2026-02-12 06:19:54
To: admin <dinweh@outlook.com>
Subject: [G-Portal Alert] System down: testing down 4.4.4.4
--------------------------------------------------------------------------------
G-PORTAL SYSTEM ALERT
============================================================

SYSTEM: testing down 4.4.4.4
STATUS: DOWN

------------------------------------------------------------

Status Change: online → down
Domain: 4.4.4.4.4
Changed By: superadmin
Time: February 12, 2026 at 6:19 AM
Note: test down system

------------------------------------------------------------
View system: https://4.4.4.4.4

This is an automated notification from G-Portal.
Please do not reply to this email.

================================================================================

================================================================================
Email logged at: 2026-02-12 13:31:23
To: superadmin <dinweh@outlook.com>
Subject: [G-Portal Alert] System down: testing down 4.4.4.4
--------------------------------------------------------------------------------
G-PORTAL SYSTEM ALERT
============================================================

SYSTEM: testing down 4.4.4.4
STATUS: DOWN

------------------------------------------------------------

Status Change: online → down
Domain: 4.4.4.4.4
Changed By: superadmin
Time: February 12, 2026 at 1:31 PM
Note: testing down again

------------------------------------------------------------
View system: https://4.4.4.4.4

This is an automated notification from G-Portal.
Please do not reply to this email.

================================================================================

================================================================================
Email logged at: 2026-02-12 13:31:23
To: admin <dinweh@outlook.com>
Subject: [G-Portal Alert] System down: testing down 4.4.4.4
--------------------------------------------------------------------------------
G-PORTAL SYSTEM ALERT
============================================================

SYSTEM: testing down 4.4.4.4
STATUS: DOWN

------------------------------------------------------------

Status Change: online → down
Domain: 4.4.4.4.4
Changed By: superadmin
Time: February 12, 2026 at 1:31 PM
Note: testing down again

------------------------------------------------------------
View system: https://4.4.4.4.4

This is an automated notification from G-Portal.
Please do not reply to this email.

================================================================================

================================================================================
Email logged at: 2026-02-14 07:54:20
To: superadmin <superadmin@demo.com>
Subject: [G-Portal Alert] System down: testing maintenance
--------------------------------------------------------------------------------
G-PORTAL SYSTEM ALERT
============================================================

SYSTEM: testing maintenance
STATUS: DOWN

------------------------------------------------------------

Status Change: maintenance → down
Domain: testingmainte.3.3.3.3
Changed By: superadmin
Time: February 14, 2026 at 7:54 AM

------------------------------------------------------------
View system: https://testingmainte.3.3.3.3

This is an automated notification from G-Portal.
Please do not reply to this email.

================================================================================

================================================================================
Email logged at: 2026-02-14 07:54:20
To: admin <admin@demo.com>
Subject: [G-Portal Alert] System down: testing maintenance
--------------------------------------------------------------------------------
G-PORTAL SYSTEM ALERT
============================================================

SYSTEM: testing maintenance
STATUS: DOWN

------------------------------------------------------------

Status Change: maintenance → down
Domain: testingmainte.3.3.3.3
Changed By: superadmin
Time: February 14, 2026 at 7:54 AM

------------------------------------------------------------
View system: https://testingmainte.3.3.3.3

This is an automated notification from G-Portal.
Please do not reply to this email.

================================================================================

================================================================================
Email logged at: 2026-02-14 07:54:30
To: superadmin <superadmin@demo.com>
Subject: [G-Portal Alert] System down: TESTchangenote 2
--------------------------------------------------------------------------------
G-PORTAL SYSTEM ALERT
============================================================

SYSTEM: TESTchangenote 2
STATUS: DOWN

------------------------------------------------------------

Status Change: maintenance → down
Domain: TESTMAINTE.COM
Changed By: superadmin
Time: February 14, 2026 at 7:54 AM

------------------------------------------------------------
View system: https://TESTMAINTE.COM

This is an automated notification from G-Portal.
Please do not reply to this email.

================================================================================

================================================================================
Email logged at: 2026-02-14 07:54:30
To: admin <admin@demo.com>
Subject: [G-Portal Alert] System down: TESTchangenote 2
--------------------------------------------------------------------------------
G-PORTAL SYSTEM ALERT
============================================================

SYSTEM: TESTchangenote 2
STATUS: DOWN

------------------------------------------------------------

Status Change: maintenance → down
Domain: TESTMAINTE.COM
Changed By: superadmin
Time: February 14, 2026 at 7:54 AM

------------------------------------------------------------
View system: https://TESTMAINTE.COM

This is an automated notification from G-Portal.
Please do not reply to this email.

================================================================================

================================================================================
Email logged at: 2026-02-14 07:55:05
To: superadmin <superadmin@demo.com>
Subject: [G-Portal Alert] System down: Test Add System
--------------------------------------------------------------------------------
G-PORTAL SYSTEM ALERT
============================================================

SYSTEM: Test Add System
STATUS: DOWN

------------------------------------------------------------

Status Change: maintenance → down
Domain: testadd.com
Changed By: superadmin
Time: February 14, 2026 at 7:55 AM

------------------------------------------------------------
View system: https://testadd.com

This is an automated notification from G-Portal.
Please do not reply to this email.

================================================================================

================================================================================
Email logged at: 2026-02-14 07:55:05
To: admin <admin@demo.com>
Subject: [G-Portal Alert] System down: Test Add System
--------------------------------------------------------------------------------
G-PORTAL SYSTEM ALERT
============================================================

SYSTEM: Test Add System
STATUS: DOWN

------------------------------------------------------------

Status Change: maintenance → down
Domain: testadd.com
Changed By: superadmin
Time: February 14, 2026 at 7:55 AM

------------------------------------------------------------
View system: https://testadd.com

This is an automated notification from G-Portal.
Please do not reply to this email.

================================================================================

================================================================================
Email logged at: 2026-02-18 00:36:56
To: superadmin <superadmin@demo.com>
Subject: [G-Portal Alert] System down: testing online 4.4.4.4
--------------------------------------------------------------------------------
G-PORTAL SYSTEM ALERT
============================================================

SYSTEM: testing online 4.4.4.4
STATUS: DOWN

------------------------------------------------------------

Status Change: online → down
Domain: 4.4.4.4.4
Changed By: superadmin
Time: February 18, 2026 at 12:36 AM
Note: Testing Down

------------------------------------------------------------
View system: https://4.4.4.4.4

This is an automated notification from G-Portal.
Please do not reply to this email.

================================================================================

================================================================================
Email logged at: 2026-02-18 00:36:56
To: admin <admin@demo.com>
Subject: [G-Portal Alert] System down: testing online 4.4.4.4
--------------------------------------------------------------------------------
G-PORTAL SYSTEM ALERT
============================================================

SYSTEM: testing online 4.4.4.4
STATUS: DOWN

------------------------------------------------------------

Status Change: online → down
Domain: 4.4.4.4.4
Changed By: superadmin
Time: February 18, 2026 at 12:36 AM
Note: Testing Down

------------------------------------------------------------
View system: https://4.4.4.4.4

This is an automated notification from G-Portal.
Please do not reply to this email.

================================================================================

================================================================================
Email logged at: 2026-02-18 00:53:40
To: superadmin <superadmin@demo.com>
Subject: [G-Portal Alert] System down: Canteen System!@#!!#!@#!123sssadadaaasaasdadaasdadaasdADAqeqqeqewqqeqwqwqweq
--------------------------------------------------------------------------------
G-PORTAL SYSTEM ALERT
============================================================

SYSTEM: Canteen System!@#!!#!@#!123sssadadaaasaasdadaasdadaasdADAqeqqeqewqqeqwqwqweq
STATUS: DOWN

------------------------------------------------------------

Status Change: maintenance → down
Domain: youtube.com
Changed By: superadmin
Time: February 18, 2026 at 12:53 AM
Note: Down again testing

------------------------------------------------------------
View system: https://youtube.com

This is an automated notification from G-Portal.
Please do not reply to this email.

================================================================================

================================================================================
Email logged at: 2026-02-18 00:53:40
To: admin <admin@demo.com>
Subject: [G-Portal Alert] System down: Canteen System!@#!!#!@#!123sssadadaaasaasdadaasdadaasdADAqeqqeqewqqeqwqwqweq
--------------------------------------------------------------------------------
G-PORTAL SYSTEM ALERT
============================================================

SYSTEM: Canteen System!@#!!#!@#!123sssadadaaasaasdadaasdadaasdADAqeqqeqewqqeqwqwqweq
STATUS: DOWN

------------------------------------------------------------

Status Change: maintenance → down
Domain: youtube.com
Changed By: superadmin
Time: February 18, 2026 at 12:53 AM
Note: Down again testing

------------------------------------------------------------
View system: https://youtube.com

This is an automated notification from G-Portal.
Please do not reply to this email.

================================================================================

================================================================================
Email logged at: 2026-02-18 06:22:35
To: superadmin <superadmin@demo.com>
Subject: [G-Portal Alert] System down: testing Online 1 2 3
--------------------------------------------------------------------------------
G-PORTAL SYSTEM ALERT
============================================================

SYSTEM: testing Online 1 2 3
STATUS: DOWN

------------------------------------------------------------

Status Change: online → down
Domain: testind add morehan 2.2.2.2.2
Changed By: System Monitor (Automated)
Time: February 18, 2026 at 6:22 AM
Note: 🤖 Auto-detected: Connection error: URL rejected: Malformed input to a URL function

------------------------------------------------------------
View system: https://testind add morehan 2.2.2.2.2

This is an automated notification from G-Portal.
Please do not reply to this email.

================================================================================

================================================================================
Email logged at: 2026-02-18 06:22:35
To: admin <admin@demo.com>
Subject: [G-Portal Alert] System down: testing Online 1 2 3
--------------------------------------------------------------------------------
G-PORTAL SYSTEM ALERT
============================================================

SYSTEM: testing Online 1 2 3
STATUS: DOWN

------------------------------------------------------------

Status Change: online → down
Domain: testind add morehan 2.2.2.2.2
Changed By: System Monitor (Automated)
Time: February 18, 2026 at 6:22 AM
Note: 🤖 Auto-detected: Connection error: URL rejected: Malformed input to a URL function

------------------------------------------------------------
View system: https://testind add morehan 2.2.2.2.2

This is an automated notification from G-Portal.
Please do not reply to this email.

================================================================================

================================================================================
Email logged at: 2026-02-18 06:22:35
To: system_monitor <system@gportal.local>
Subject: [G-Portal Alert] System down: testing Online 1 2 3
--------------------------------------------------------------------------------
G-PORTAL SYSTEM ALERT
============================================================

SYSTEM: testing Online 1 2 3
STATUS: DOWN

------------------------------------------------------------

Status Change: online → down
Domain: testind add morehan 2.2.2.2.2
Changed By: System Monitor (Automated)
Time: February 18, 2026 at 6:22 AM
Note: 🤖 Auto-detected: Connection error: URL rejected: Malformed input to a URL function

------------------------------------------------------------
View system: https://testind add morehan 2.2.2.2.2

This is an automated notification from G-Portal.
Please do not reply to this email.

================================================================================

================================================================================
Email logged at: 2026-02-18 06:25:49
To: superadmin <superadmin@demo.com>
Subject: [G-Portal Alert] System down: testing online 4.4.4.4
--------------------------------------------------------------------------------
G-PORTAL SYSTEM ALERT
============================================================

SYSTEM: testing online 4.4.4.4
STATUS: DOWN

------------------------------------------------------------

Status Change: online → down
Domain: 4.4.4.4.4
Changed By: System Monitor (Automated)
Time: February 18, 2026 at 6:25 AM
Note: 🤖 Auto-detected: DNS resolution failed - Could not resolve host

------------------------------------------------------------
View system: https://4.4.4.4.4

This is an automated notification from G-Portal.
Please do not reply to this email.

================================================================================

================================================================================
Email logged at: 2026-02-18 06:25:49
To: admin <admin@demo.com>
Subject: [G-Portal Alert] System down: testing online 4.4.4.4
--------------------------------------------------------------------------------
G-PORTAL SYSTEM ALERT
============================================================

SYSTEM: testing online 4.4.4.4
STATUS: DOWN

------------------------------------------------------------

Status Change: online → down
Domain: 4.4.4.4.4
Changed By: System Monitor (Automated)
Time: February 18, 2026 at 6:25 AM
Note: 🤖 Auto-detected: DNS resolution failed - Could not resolve host

------------------------------------------------------------
View system: https://4.4.4.4.4

This is an automated notification from G-Portal.
Please do not reply to this email.

================================================================================

================================================================================
Email logged at: 2026-02-18 06:25:49
To: system_monitor <system@gportal.local>
Subject: [G-Portal Alert] System down: testing online 4.4.4.4
--------------------------------------------------------------------------------
G-PORTAL SYSTEM ALERT
============================================================

SYSTEM: testing online 4.4.4.4
STATUS: DOWN

------------------------------------------------------------

Status Change: online → down
Domain: 4.4.4.4.4
Changed By: System Monitor (Automated)
Time: February 18, 2026 at 6:25 AM
Note: 🤖 Auto-detected: DNS resolution failed - Could not resolve host

------------------------------------------------------------
View system: https://4.4.4.4.4

This is an automated notification from G-Portal.
Please do not reply to this email.

================================================================================
