[2026-03-28 06:02:30] [HEALTH]   OK via domain: HTTP 200
[2026-03-28 06:02:30] [HEALTH] Checking #5 (Mold Inventory Management System) — Current: down
[2026-03-28 06:02:30] [HEALTH]   METHOD: Badge URL
[2026-03-28 06:02:30] [HEALTH]   BADGE UNREACHABLE: Could not resolve host: uptime.gpi.com (HTTP 0) — will fallback to domain
[2026-03-28 06:02:30] [HEALTH]   FALLBACK: Checking domain (mims.gpi.com) instead
[2026-03-28 06:02:30] [HEALTH]   DOWN: Badge & domain both unreachable
[2026-03-28 06:02:30] [HEALTH] Checking #6 (Parts Order Form System) — Current: down
[2026-03-28 06:02:30] [HEALTH]   METHOD: Badge URL
[2026-03-28 06:02:30] [HEALTH]   BADGE UNREACHABLE: Could not resolve host: uptime.gpi.com (HTTP 0) — will fallback to domain
[2026-03-28 06:02:30] [HEALTH]   FALLBACK: Checking domain (pofs.gpi.com) instead
[2026-03-28 06:02:30] [HEALTH]   DOWN: Badge & domain both unreachable
[2026-03-28 06:02:30] [HEALTH] Checking #7 (Production Monitoring System) — Current: down
[2026-03-28 06:02:30] [HEALTH]   METHOD: Badge URL
[2026-03-28 06:02:30] [HEALTH]   BADGE UNREACHABLE: Could not resolve host: uptime.gpi.com (HTTP 0) — will fallback to domain
[2026-03-28 06:02:30] [HEALTH]   FALLBACK: Checking domain (pms.gpi.com) instead
[2026-03-28 06:02:30] [HEALTH]   DOWN: Badge & domain both unreachable
[2026-03-28 06:02:30] [HEALTH] Checking #8 (QC - Trouble Report System) — Current: down
[2026-03-28 06:02:30] [HEALTH]   METHOD: Badge URL
[2026-03-28 06:02:30] [HEALTH]   BADGE UNREACHABLE: Could not resolve host: uptime.gpi.com (HTTP 0) — will fallback to domain
[2026-03-28 06:02:30] [HEALTH]   FALLBACK: Checking domain (qc-trs.gpi.com) instead
[2026-03-28 06:02:30] [HEALTH]   DOWN: Badge & domain both unreachable
[2026-03-28 06:02:30] [HEALTH] Checking #9 (Revision of Product Information System) — Current: down
[2026-03-28 06:02:30] [HEALTH]   METHOD: Badge URL
[2026-03-28 06:02:30] [HEALTH]   BADGE UNREACHABLE: Could not resolve host: uptime.gpi.com (HTTP 0) — will fallback to domain
[2026-03-28 06:02:30] [HEALTH]   FALLBACK: Checking domain (rpis.gpi.com) instead
[2026-03-28 06:02:30] [HEALTH]   DOWN: Badge & domain both unreachable
[2026-03-28 06:02:30] [HEALTH] Checking #10 (Production Supplies Inventory System) — Current: down
[2026-03-28 06:02:30] [HEALTH]   METHOD: Badge URL
[2026-03-28 06:02:30] [HEALTH]   BADGE UNREACHABLE: Could not resolve host: uptime.gpi.com (HTTP 0) — will fallback to domain
[2026-03-28 06:02:30] [HEALTH]   FALLBACK: Checking domain (psis.gpi.com) instead
[2026-03-28 06:02:30] [HEALTH]   DOWN: Badge & domain both unreachable
[2026-03-28 06:02:30] [HEALTH] Done: 10 checked, 0 changed
[2026-03-28 06:02:30] [HEALTH] 
[2026-03-28 06:02:36] [MAINT] Running maintenance schedule check (db now: 2026-03-28 13:02:36)
[2026-03-28 06:02:36] [MAINT] No systems needed maintenance status update.
[2026-03-28 06:02:36] [HEALTH] === Health check started ===
[2026-03-28 06:02:36] [HEALTH] Badge: 10 | Domain: 0 | Skipped (maintenance): 0
[2026-03-28 06:02:36] [HEALTH] Checking #1 (Document Management System) — Current: down
[2026-03-28 06:02:36] [HEALTH]   METHOD: Badge URL
[2026-03-28 06:02:36] [HEALTH]   BADGE UNREACHABLE: Could not resolve host: uptime.gpi.com (HTTP 0) — will fallback to domain
[2026-03-28 06:02:36] [HEALTH]   FALLBACK: Checking domain (dms.gpi.com) instead
[2026-03-28 06:02:37] [HEALTH]   DOWN: Badge & domain both unreachable
[2026-03-28 06:02:37] [HEALTH] Checking #2 (Equipment Monitoring System) — Current: down
[2026-03-28 06:02:37] [HEALTH]   METHOD: Badge URL
[2026-03-28 06:02:37] [HEALTH]   BADGE UNREACHABLE: Could not resolve host: uptime.gpi.com (HTTP 0) — will fallback to domain
[2026-03-28 06:02:37] [HEALTH]   FALLBACK: Checking domain (ems.gpi.com) instead
[2026-03-28 06:02:37] [HEALTH]   DOWN: Badge & domain both unreachable
[2026-03-28 06:02:37] [HEALTH] Checking #3 (iBoard System) — Current: down
[2026-03-28 06:02:37] [HEALTH]   METHOD: Badge URL
[2026-03-28 06:02:37] [HEALTH]   BADGE UNREACHABLE: Could not resolve host: uptime.gpi.com (HTTP 0) — will fallback to domain
[2026-03-28 06:02:37] [HEALTH]   FALLBACK: Checking domain (iboard.gpi.com) instead
[2026-03-28 06:02:37] [HEALTH]   DOWN: Badge & domain both unreachable
[2026-03-28 06:02:37] [HEALTH] Checking #4 (LOA Monitoring System) — Current: down
[2026-03-28 06:02:37] [HEALTH]   METHOD: Badge URL
[2026-03-28 06:02:37] [HEALTH]   BADGE UNREACHABLE: Could not resolve host: uptime.gpi.com (HTTP 0) — will fallback to domain
[2026-03-28 06:02:37] [HEALTH]   FALLBACK: Checking domain (glory.lms.com.ph) instead
[2026-03-28 06:02:37] [HEALTH]   OK via domain: HTTP 200
[2026-03-28 06:02:37] [HEALTH] Checking #5 (Mold Inventory Management System) — Current: down
[2026-03-28 06:02:37] [HEALTH]   METHOD: Badge URL
[2026-03-28 06:02:37] [HEALTH]   BADGE UNREACHABLE: Could not resolve host: uptime.gpi.com (HTTP 0) — will fallback to domain
[2026-03-28 06:02:37] [HEALTH]   FALLBACK: Checking domain (mims.gpi.com) instead
[2026-03-28 06:02:37] [HEALTH]   DOWN: Badge & domain both unreachable
[2026-03-28 06:02:37] [HEALTH] Checking #6 (Parts Order Form System) — Current: down
[2026-03-28 06:02:37] [HEALTH]   METHOD: Badge URL
[2026-03-28 06:02:37] [HEALTH]   BADGE UNREACHABLE: Could not resolve host: uptime.gpi.com (HTTP 0) — will fallback to domain
[2026-03-28 06:02:37] [HEALTH]   FALLBACK: Checking domain (pofs.gpi.com) instead
[2026-03-28 06:02:37] [HEALTH]   DOWN: Badge & domain both unreachable
[2026-03-28 06:02:37] [HEALTH] Checking #7 (Production Monitoring System) — Current: down
[2026-03-28 06:02:37] [HEALTH]   METHOD: Badge URL
[2026-03-28 06:02:37] [HEALTH]   BADGE UNREACHABLE: Could not resolve host: uptime.gpi.com (HTTP 0) — will fallback to domain
[2026-03-28 06:02:37] [HEALTH]   FALLBACK: Checking domain (pms.gpi.com) instead
[2026-03-28 06:02:37] [HEALTH]   DOWN: Badge & domain both unreachable
[2026-03-28 06:02:37] [HEALTH] Checking #8 (QC - Trouble Report System) — Current: down
[2026-03-28 06:02:37] [HEALTH]   METHOD: Badge URL
[2026-03-28 06:02:37] [HEALTH]   BADGE UNREACHABLE: Could not resolve host: uptime.gpi.com (HTTP 0) — will fallback to domain
[2026-03-28 06:02:37] [HEALTH]   FALLBACK: Checking domain (qc-trs.gpi.com) instead
[2026-03-28 06:02:38] [HEALTH]   DOWN: Badge & domain both unreachable
[2026-03-28 06:02:38] [HEALTH] Checking #9 (Revision of Product Information System) — Current: down
[2026-03-28 06:02:38] [HEALTH]   METHOD: Badge URL
[2026-03-28 06:02:38] [HEALTH]   BADGE UNREACHABLE: Could not resolve host: uptime.gpi.com (HTTP 0) — will fallback to domain
[2026-03-28 06:02:38] [HEALTH]   FALLBACK: Checking domain (rpis.gpi.com) instead
[2026-03-28 06:02:38] [HEALTH]   DOWN: Badge & domain both unreachable
[2026-03-28 06:02:38] [HEALTH] Checking #10 (Production Supplies Inventory System) — Current: down
[2026-03-28 06:02:38] [HEALTH]   METHOD: Badge URL
[2026-03-28 06:02:38] [HEALTH]   BADGE UNREACHABLE: Could not resolve host: uptime.gpi.com (HTTP 0) — will fallback to domain
[2026-03-28 06:02:38] [HEALTH]   FALLBACK: Checking domain (psis.gpi.com) instead
[2026-03-28 06:02:38] [HEALTH]   DOWN: Badge & domain both unreachable
[2026-03-28 06:02:38] [HEALTH] Done: 10 checked, 0 changed
[2026-03-28 06:02:38] [HEALTH] 
[2026-03-28 06:02:47] [HEALTH] === Health check started ===
[2026-03-28 06:02:47] [HEALTH] Badge: 10 | Domain: 0 | Skipped (maintenance): 0
[2026-03-28 06:02:47] [HEALTH] Checking #1 (Document Management System) — Current: down
[2026-03-28 06:02:47] [HEALTH]   METHOD: Badge URL
[2026-03-28 06:02:47] [HEALTH]   BADGE UNREACHABLE: Could not resolve host: uptime.gpi.com (HTTP 0) — will fallback to domain
[2026-03-28 06:02:47] [HEALTH]   FALLBACK: Checking domain (dms.gpi.com) instead
[2026-03-28 06:02:47] [HEALTH]   DOWN: Badge & domain both unreachable
[2026-03-28 06:02:47] [HEALTH] Checking #2 (Equipment Monitoring System) — Current: down
[2026-03-28 06:02:47] [HEALTH]   METHOD: Badge URL
[2026-03-28 06:02:47] [HEALTH]   BADGE UNREACHABLE: Could not resolve host: uptime.gpi.com (HTTP 0) — will fallback to domain
[2026-03-28 06:02:47] [HEALTH]   FALLBACK: Checking domain (ems.gpi.com) instead
[2026-03-28 06:02:47] [HEALTH]   DOWN: Badge & domain both unreachable
[2026-03-28 06:02:47] [HEALTH] Checking #3 (iBoard System) — Current: down
[2026-03-28 06:02:47] [HEALTH]   METHOD: Badge URL
[2026-03-28 06:02:47] [HEALTH]   BADGE UNREACHABLE: Could not resolve host: uptime.gpi.com (HTTP 0) — will fallback to domain
[2026-03-28 06:02:47] [HEALTH]   FALLBACK: Checking domain (iboard.gpi.com) instead
[2026-03-28 06:02:47] [HEALTH]   DOWN: Badge & domain both unreachable
[2026-03-28 06:02:47] [HEALTH] Checking #4 (LOA Monitoring System) — Current: down
[2026-03-28 06:02:47] [HEALTH]   METHOD: Badge URL
[2026-03-28 06:02:47] [HEALTH]   BADGE UNREACHABLE: Could not resolve host: uptime.gpi.com (HTTP 0) — will fallback to domain
[2026-03-28 06:02:47] [HEALTH]   FALLBACK: Checking domain (glory.lms.com.ph) instead
[2026-03-28 06:02:47] [HEALTH]   DOWN: Domain HTTP 403
[2026-03-28 06:02:47] [HEALTH] Checking #5 (Mold Inventory Management System) — Current: down
[2026-03-28 06:02:47] [HEALTH]   METHOD: Badge URL
[2026-03-28 06:02:47] [HEALTH]   BADGE UNREACHABLE: Could not resolve host: uptime.gpi.com (HTTP 0) — will fallback to domain
[2026-03-28 06:02:47] [HEALTH]   FALLBACK: Checking domain (mims.gpi.com) instead
[2026-03-28 06:02:47] [HEALTH]   DOWN: Badge & domain both unreachable
[2026-03-28 06:02:47] [HEALTH] Checking #6 (Parts Order Form System) — Current: down
[2026-03-28 06:02:47] [HEALTH]   METHOD: Badge URL
[2026-03-28 06:02:47] [HEALTH]   BADGE UNREACHABLE: Could not resolve host: uptime.gpi.com (HTTP 0) — will fallback to domain
[2026-03-28 06:02:47] [HEALTH]   FALLBACK: Checking domain (pofs.gpi.com) instead
[2026-03-28 06:02:47] [HEALTH]   DOWN: Badge & domain both unreachable
[2026-03-28 06:02:47] [HEALTH] Checking #7 (Production Monitoring System) — Current: down
[2026-03-28 06:02:47] [HEALTH]   METHOD: Badge URL
[2026-03-28 06:02:47] [HEALTH]   BADGE UNREACHABLE: Could not resolve host: uptime.gpi.com (HTTP 0) — will fallback to domain
[2026-03-28 06:02:47] [HEALTH]   FALLBACK: Checking domain (pms.gpi.com) instead
[2026-03-28 06:02:47] [HEALTH]   DOWN: Badge & domain both unreachable
[2026-03-28 06:02:47] [HEALTH] Checking #8 (QC - Trouble Report System) — Current: down
[2026-03-28 06:02:47] [HEALTH]   METHOD: Badge URL
[2026-03-28 06:02:47] [HEALTH]   BADGE UNREACHABLE: Could not resolve host: uptime.gpi.com (HTTP 0) — will fallback to domain
[2026-03-28 06:02:47] [HEALTH]   FALLBACK: Checking domain (qc-trs.gpi.com) instead
[2026-03-28 06:02:47] [HEALTH]   DOWN: Badge & domain both unreachable
[2026-03-28 06:02:47] [HEALTH] Checking #9 (Revision of Product Information System) — Current: down
[2026-03-28 06:02:47] [HEALTH]   METHOD: Badge URL
[2026-03-28 06:02:47] [HEALTH]   BADGE UNREACHABLE: Could not resolve host: uptime.gpi.com (HTTP 0) — will fallback to domain
[2026-03-28 06:02:47] [HEALTH]   FALLBACK: Checking domain (rpis.gpi.com) instead
[2026-03-28 06:02:47] [HEALTH]   DOWN: Badge & domain both unreachable
[2026-03-28 06:02:47] [HEALTH] Checking #10 (Production Supplies Inventory System) — Current: down
[2026-03-28 06:02:47] [HEALTH]   METHOD: Badge URL
[2026-03-28 06:02:47] [HEALTH]   BADGE UNREACHABLE: Could not resolve host: uptime.gpi.com (HTTP 0) — will fallback to domain
[2026-03-28 06:02:47] [HEALTH]   FALLBACK: Checking domain (psis.gpi.com) instead
[2026-03-28 06:02:48] [HEALTH]   DOWN: Badge & domain both unreachable
[2026-03-28 06:02:48] [HEALTH] Done: 10 checked, 0 changed
[2026-03-28 06:02:48] [HEALTH] 
[2026-03-28 06:02:48] [MAINT] Running maintenance schedule check (db now: 2026-03-28 13:02:48)
[2026-03-28 06:02:48] [MAINT] No systems needed maintenance status update.
[2026-03-28 06:02:57] [MAINT] Running maintenance schedule check (db now: 2026-03-28 13:02:57)
[2026-03-28 06:02:57] [MAINT] No systems needed maintenance status update.
[2026-03-28 06:02:57] [HEALTH] === Health check started ===
[2026-03-28 06:02:57] [HEALTH] Badge: 10 | Domain: 0 | Skipped (maintenance): 0
[2026-03-28 06:02:57] [HEALTH] Checking #1 (Document Management System) — Current: down
[2026-03-28 06:02:57] [HEALTH]   METHOD: Badge URL
[2026-03-28 06:02:57] [HEALTH]   BADGE UNREACHABLE: Could not resolve host: uptime.gpi.com (HTTP 0) — will fallback to domain
[2026-03-28 06:02:57] [HEALTH]   FALLBACK: Checking domain (dms.gpi.com) instead
[2026-03-28 06:02:57] [HEALTH]   DOWN: Badge & domain both unreachable
[2026-03-28 06:02:57] [HEALTH] Checking #2 (Equipment Monitoring System) — Current: down
[2026-03-28 06:02:57] [HEALTH]   METHOD: Badge URL
[2026-03-28 06:02:57] [HEALTH]   BADGE UNREACHABLE: Could not resolve host: uptime.gpi.com (HTTP 0) — will fallback to domain
[2026-03-28 06:02:57] [HEALTH]   FALLBACK: Checking domain (ems.gpi.com) instead
[2026-03-28 06:02:57] [HEALTH]   DOWN: Badge & domain both unreachable
[2026-03-28 06:02:57] [HEALTH] Checking #3 (iBoard System) — Current: down
[2026-03-28 06:02:57] [HEALTH]   METHOD: Badge URL
[2026-03-28 06:02:57] [HEALTH]   BADGE UNREACHABLE: Could not resolve host: uptime.gpi.com (HTTP 0) — will fallback to domain
[2026-03-28 06:02:57] [HEALTH]   FALLBACK: Checking domain (iboard.gpi.com) instead
[2026-03-28 06:02:57] [HEALTH]   DOWN: Badge & domain both unreachable
[2026-03-28 06:02:57] [HEALTH] Checking #4 (LOA Monitoring System) — Current: down
[2026-03-28 06:02:57] [HEALTH]   METHOD: Badge URL
[2026-03-28 06:02:57] [HEALTH]   BADGE UNREACHABLE: Could not resolve host: uptime.gpi.com (HTTP 0) — will fallback to domain
[2026-03-28 06:02:57] [HEALTH]   FALLBACK: Checking domain (glory.lms.com.ph) instead
[2026-03-28 06:02:57] [HEALTH]   DOWN: Domain HTTP 403
[2026-03-28 06:02:57] [HEALTH] Checking #5 (Mold Inventory Management System) — Current: down
[2026-03-28 06:02:57] [HEALTH]   METHOD: Badge URL
[2026-03-28 06:02:57] [HEALTH]   BADGE UNREACHABLE: Could not resolve host: uptime.gpi.com (HTTP 0) — will fallback to domain
[2026-03-28 06:02:57] [HEALTH]   FALLBACK: Checking domain (mims.gpi.com) instead
[2026-03-28 06:02:57] [HEALTH]   DOWN: Badge & domain both unreachable
[2026-03-28 06:02:57] [HEALTH] Checking #6 (Parts Order Form System) — Current: down
[2026-03-28 06:02:57] [HEALTH]   METHOD: Badge URL
[2026-03-28 06:02:57] [HEALTH]   BADGE UNREACHABLE: Could not resolve host: uptime.gpi.com (HTTP 0) — will fallback to domain
[2026-03-28 06:02:57] [HEALTH]   FALLBACK: Checking domain (pofs.gpi.com) instead
[2026-03-28 06:02:57] [HEALTH]   DOWN: Badge & domain both unreachable
[2026-03-28 06:02:57] [HEALTH] Checking #7 (Production Monitoring System) — Current: down
[2026-03-28 06:02:57] [HEALTH]   METHOD: Badge URL
[2026-03-28 06:02:57] [HEALTH]   BADGE UNREACHABLE: Could not resolve host: uptime.gpi.com (HTTP 0) — will fallback to domain
[2026-03-28 06:02:57] [HEALTH]   FALLBACK: Checking domain (pms.gpi.com) instead
[2026-03-28 06:02:57] [HEALTH]   DOWN: Badge & domain both unreachable
[2026-03-28 06:02:57] [HEALTH] Checking #8 (QC - Trouble Report System) — Current: down
[2026-03-28 06:02:57] [HEALTH]   METHOD: Badge URL
[2026-03-28 06:02:57] [HEALTH]   BADGE UNREACHABLE: Could not resolve host: uptime.gpi.com (HTTP 0) — will fallback to domain
[2026-03-28 06:02:57] [HEALTH]   FALLBACK: Checking domain (qc-trs.gpi.com) instead
[2026-03-28 06:02:58] [HEALTH]   DOWN: Badge & domain both unreachable
[2026-03-28 06:02:58] [HEALTH] Checking #9 (Revision of Product Information System) — Current: down
[2026-03-28 06:02:58] [HEALTH]   METHOD: Badge URL
[2026-03-28 06:02:58] [HEALTH]   BADGE UNREACHABLE: Could not resolve host: uptime.gpi.com (HTTP 0) — will fallback to domain
[2026-03-28 06:02:58] [HEALTH]   FALLBACK: Checking domain (rpis.gpi.com) instead
[2026-03-28 06:02:58] [HEALTH]   DOWN: Badge & domain both unreachable
[2026-03-28 06:02:58] [HEALTH] Checking #10 (Production Supplies Inventory System) — Current: down
[2026-03-28 06:02:58] [HEALTH]   METHOD: Badge URL
[2026-03-28 06:02:58] [HEALTH]   BADGE UNREACHABLE: Could not resolve host: uptime.gpi.com (HTTP 0) — will fallback to domain
[2026-03-28 06:02:58] [HEALTH]   FALLBACK: Checking domain (psis.gpi.com) instead
[2026-03-28 06:02:58] [HEALTH]   DOWN: Badge & domain both unreachable
[2026-03-28 06:02:58] [HEALTH] Done: 10 checked, 0 changed
[2026-03-28 06:02:58] [HEALTH] 
[2026-03-28 06:03:07] [MAINT] Running maintenance schedule check (db now: 2026-03-28 13:03:07)
[2026-03-28 06:03:07] [MAINT] No systems needed maintenance status update.
[2026-03-28 06:03:07] [HEALTH] === Health check started ===
[2026-03-28 06:03:07] [HEALTH] Badge: 10 | Domain: 0 | Skipped (maintenance): 0
[2026-03-28 06:03:07] [HEALTH] Checking #1 (Document Management System) — Current: down
[2026-03-28 06:03:07] [HEALTH]   METHOD: Badge URL
[2026-03-28 06:03:07] [HEALTH]   BADGE UNREACHABLE: Could not resolve host: uptime.gpi.com (HTTP 0) — will fallback to domain
[2026-03-28 06:03:07] [HEALTH]   FALLBACK: Checking domain (dms.gpi.com) instead
[2026-03-28 06:03:07] [HEALTH]   DOWN: Badge & domain both unreachable
[2026-03-28 06:03:07] [HEALTH] Checking #2 (Equipment Monitoring System) — Current: down
[2026-03-28 06:03:07] [HEALTH]   METHOD: Badge URL
[2026-03-28 06:03:07] [HEALTH]   BADGE UNREACHABLE: Could not resolve host: uptime.gpi.com (HTTP 0) — will fallback to domain
[2026-03-28 06:03:07] [HEALTH]   FALLBACK: Checking domain (ems.gpi.com) instead
[2026-03-28 06:03:07] [HEALTH]   DOWN: Badge & domain both unreachable
[2026-03-28 06:03:07] [HEALTH] Checking #3 (iBoard System) — Current: down
[2026-03-28 06:03:07] [HEALTH]   METHOD: Badge URL
[2026-03-28 06:03:07] [HEALTH]   BADGE UNREACHABLE: Could not resolve host: uptime.gpi.com (HTTP 0) — will fallback to domain
[2026-03-28 06:03:07] [HEALTH]   FALLBACK: Checking domain (iboard.gpi.com) instead
[2026-03-28 06:03:07] [HEALTH]   DOWN: Badge & domain both unreachable
[2026-03-28 06:03:07] [HEALTH] Checking #4 (LOA Monitoring System) — Current: down
[2026-03-28 06:03:07] [HEALTH]   METHOD: Badge URL
[2026-03-28 06:03:07] [HEALTH]   BADGE UNREACHABLE: Could not resolve host: uptime.gpi.com (HTTP 0) — will fallback to domain
[2026-03-28 06:03:07] [HEALTH]   FALLBACK: Checking domain (glory.lms.com.ph) instead
[2026-03-28 06:03:07] [HEALTH]   OK via domain: HTTP 200
[2026-03-28 06:03:07] [HEALTH] Checking #5 (Mold Inventory Management System) — Current: down
[2026-03-28 06:03:07] [HEALTH]   METHOD: Badge URL
[2026-03-28 06:03:07] [HEALTH]   BADGE UNREACHABLE: Could not resolve host: uptime.gpi.com (HTTP 0) — will fallback to domain
[2026-03-28 06:03:07] [HEALTH]   FALLBACK: Checking domain (mims.gpi.com) instead
[2026-03-28 06:03:07] [HEALTH]   DOWN: Badge & domain both unreachable
[2026-03-28 06:03:07] [HEALTH] Checking #6 (Parts Order Form System) — Current: down
[2026-03-28 06:03:07] [HEALTH]   METHOD: Badge URL
[2026-03-28 06:03:07] [HEALTH]   BADGE UNREACHABLE: Could not resolve host: uptime.gpi.com (HTTP 0) — will fallback to domain
[2026-03-28 06:03:07] [HEALTH]   FALLBACK: Checking domain (pofs.gpi.com) instead
[2026-03-28 06:03:07] [HEALTH]   DOWN: Badge & domain both unreachable
[2026-03-28 06:03:07] [HEALTH] Checking #7 (Production Monitoring System) — Current: down
[2026-03-28 06:03:07] [HEALTH]   METHOD: Badge URL
[2026-03-28 06:03:07] [HEALTH]   BADGE UNREACHABLE: Could not resolve host: uptime.gpi.com (HTTP 0) — will fallback to domain
[2026-03-28 06:03:07] [HEALTH]   FALLBACK: Checking domain (pms.gpi.com) instead
[2026-03-28 06:03:07] [HEALTH]   DOWN: Badge & domain both unreachable
[2026-03-28 06:03:07] [HEALTH] Checking #8 (QC - Trouble Report System) — Current: down
[2026-03-28 06:03:07] [HEALTH]   METHOD: Badge URL
[2026-03-28 06:03:07] [HEALTH]   BADGE UNREACHABLE: Could not resolve host: uptime.gpi.com (HTTP 0) — will fallback to domain
[2026-03-28 06:03:07] [HEALTH]   FALLBACK: Checking domain (qc-trs.gpi.com) instead
[2026-03-28 06:03:07] [HEALTH]   DOWN: Badge & domain both unreachable
[2026-03-28 06:03:07] [HEALTH] Checking #9 (Revision of Product Information System) — Current: down
[2026-03-28 06:03:07] [HEALTH]   METHOD: Badge URL
[2026-03-28 06:03:07] [HEALTH]   BADGE UNREACHABLE: Could not resolve host: uptime.gpi.com (HTTP 0) — will fallback to domain
[2026-03-28 06:03:07] [HEALTH]   FALLBACK: Checking domain (rpis.gpi.com) instead
[2026-03-28 06:03:07] [HEALTH]   DOWN: Badge & domain both unreachable
[2026-03-28 06:03:07] [HEALTH] Checking #10 (Production Supplies Inventory System) — Current: down
[2026-03-28 06:03:07] [HEALTH]   METHOD: Badge URL
[2026-03-28 06:03:07] [HEALTH]   BADGE UNREACHABLE: Could not resolve host: uptime.gpi.com (HTTP 0) — will fallback to domain
[2026-03-28 06:03:07] [HEALTH]   FALLBACK: Checking domain (psis.gpi.com) instead
[2026-03-28 06:03:07] [HEALTH]   DOWN: Badge & domain both unreachable
[2026-03-28 06:03:07] [HEALTH] Done: 10 checked, 0 changed
[2026-03-28 06:03:07] [HEALTH] 
[2026-03-28 06:03:17] [HEALTH] === Health check started ===
[2026-03-28 06:03:17] [HEALTH] Badge: 10 | Domain: 0 | Skipped (maintenance): 0
[2026-03-28 06:03:17] [HEALTH] Checking #1 (Document Management System) — Current: down
[2026-03-28 06:03:17] [HEALTH]   METHOD: Badge URL
[2026-03-28 06:03:17] [HEALTH]   BADGE UNREACHABLE: Could not resolve host: uptime.gpi.com (HTTP 0) — will fallback to domain
[2026-03-28 06:03:17] [HEALTH]   FALLBACK: Checking domain (dms.gpi.com) instead
[2026-03-28 06:03:17] [HEALTH]   DOWN: Badge & domain both unreachable
[2026-03-28 06:03:17] [HEALTH] Checking #2 (Equipment Monitoring System) — Current: down
[2026-03-28 06:03:17] [HEALTH]   METHOD: Badge URL
[2026-03-28 06:03:17] [HEALTH]   BADGE UNREACHABLE: Could not resolve host: uptime.gpi.com (HTTP 0) — will fallback to domain
[2026-03-28 06:03:17] [HEALTH]   FALLBACK: Checking domain (ems.gpi.com) instead
[2026-03-28 06:03:17] [HEALTH]   DOWN: Badge & domain both unreachable
[2026-03-28 06:03:17] [HEALTH] Checking #3 (iBoard System) — Current: down
[2026-03-28 06:03:17] [HEALTH]   METHOD: Badge URL
[2026-03-28 06:03:17] [HEALTH]   BADGE UNREACHABLE: Could not resolve host: uptime.gpi.com (HTTP 0) — will fallback to domain
[2026-03-28 06:03:17] [HEALTH]   FALLBACK: Checking domain (iboard.gpi.com) instead
[2026-03-28 06:03:17] [HEALTH]   DOWN: Badge & domain both unreachable
[2026-03-28 06:03:17] [HEALTH] Checking #4 (LOA Monitoring System) — Current: down
[2026-03-28 06:03:17] [HEALTH]   METHOD: Badge URL
[2026-03-28 06:03:17] [HEALTH]   BADGE UNREACHABLE: Could not resolve host: uptime.gpi.com (HTTP 0) — will fallback to domain
[2026-03-28 06:03:17] [HEALTH]   FALLBACK: Checking domain (glory.lms.com.ph) instead
[2026-03-28 06:03:20] [HEALTH]   DOWN: Badge & domain both unreachable
[2026-03-28 06:03:20] [HEALTH] Checking #5 (Mold Inventory Management System) — Current: down
[2026-03-28 06:03:20] [HEALTH]   METHOD: Badge URL
[2026-03-28 06:03:20] [HEALTH]   BADGE UNREACHABLE: Could not resolve host: uptime.gpi.com (HTTP 0) — will fallback to domain
[2026-03-28 06:03:20] [HEALTH]   FALLBACK: Checking domain (mims.gpi.com) instead
[2026-03-28 06:03:20] [HEALTH]   DOWN: Badge & domain both unreachable
[2026-03-28 06:03:20] [HEALTH] Checking #6 (Parts Order Form System) — Current: down
[2026-03-28 06:03:20] [HEALTH]   METHOD: Badge URL
[2026-03-28 06:03:20] [HEALTH]   BADGE UNREACHABLE: Could not resolve host: uptime.gpi.com (HTTP 0) — will fallback to domain
[2026-03-28 06:03:20] [HEALTH]   FALLBACK: Checking domain (pofs.gpi.com) instead
[2026-03-28 06:03:20] [HEALTH]   DOWN: Badge & domain both unreachable
[2026-03-28 06:03:20] [HEALTH] Checking #7 (Production Monitoring System) — Current: down
[2026-03-28 06:03:20] [HEALTH]   METHOD: Badge URL
[2026-03-28 06:03:20] [HEALTH]   BADGE UNREACHABLE: Could not resolve host: uptime.gpi.com (HTTP 0) — will fallback to domain
[2026-03-28 06:03:20] [HEALTH]   FALLBACK: Checking domain (pms.gpi.com) instead
[2026-03-28 06:03:20] [HEALTH]   DOWN: Badge & domain both unreachable
[2026-03-28 06:03:20] [HEALTH] Checking #8 (QC - Trouble Report System) — Current: down
[2026-03-28 06:03:20] [HEALTH]   METHOD: Badge URL
[2026-03-28 06:03:20] [HEALTH]   BADGE UNREACHABLE: Could not resolve host: uptime.gpi.com (HTTP 0) — will fallback to domain
[2026-03-28 06:03:20] [HEALTH]   FALLBACK: Checking domain (qc-trs.gpi.com) instead
[2026-03-28 06:03:20] [HEALTH]   DOWN: Badge & domain both unreachable
[2026-03-28 06:03:20] [HEALTH] Checking #9 (Revision of Product Information System) — Current: down
[2026-03-28 06:03:20] [HEALTH]   METHOD: Badge URL
[2026-03-28 06:03:20] [HEALTH]   BADGE UNREACHABLE: Could not resolve host: uptime.gpi.com (HTTP 0) — will fallback to domain
[2026-03-28 06:03:20] [HEALTH]   FALLBACK: Checking domain (rpis.gpi.com) instead
[2026-03-28 06:03:20] [HEALTH]   DOWN: Badge & domain both unreachable
[2026-03-28 06:03:20] [HEALTH] Checking #10 (Production Supplies Inventory System) — Current: down
[2026-03-28 06:03:20] [HEALTH]   METHOD: Badge URL
[2026-03-28 06:03:20] [HEALTH]   BADGE UNREACHABLE: Could not resolve host: uptime.gpi.com (HTTP 0) — will fallback to domain
[2026-03-28 06:03:20] [HEALTH]   FALLBACK: Checking domain (psis.gpi.com) instead
[2026-03-28 06:03:20] [HEALTH]   DOWN: Badge & domain both unreachable
[2026-03-28 06:03:20] [HEALTH] Done: 10 checked, 0 changed
[2026-03-28 06:03:20] [HEALTH] 
[2026-03-28 06:03:20] [MAINT] Running maintenance schedule check (db now: 2026-03-28 13:03:20)
[2026-03-28 06:03:20] [MAINT] No systems needed maintenance status update.
[2026-03-28 06:03:27] [MAINT] Running maintenance schedule check (db now: 2026-03-28 13:03:27)
[2026-03-28 06:03:27] [MAINT] No systems needed maintenance status update.
[2026-03-28 06:03:27] [HEALTH] === Health check started ===
[2026-03-28 06:03:27] [HEALTH] Badge: 10 | Domain: 0 | Skipped (maintenance): 0
[2026-03-28 06:03:27] [HEALTH] Checking #1 (Document Management System) — Current: down
[2026-03-28 06:03:27] [HEALTH]   METHOD: Badge URL
[2026-03-28 06:03:27] [HEALTH]   BADGE UNREACHABLE: Could not resolve host: uptime.gpi.com (HTTP 0) — will fallback to domain
[2026-03-28 06:03:27] [HEALTH]   FALLBACK: Checking domain (dms.gpi.com) instead
[2026-03-28 06:03:27] [HEALTH]   DOWN: Badge & domain both unreachable
[2026-03-28 06:03:27] [HEALTH] Checking #2 (Equipment Monitoring System) — Current: down
[2026-03-28 06:03:27] [HEALTH]   METHOD: Badge URL
[2026-03-28 06:03:27] [HEALTH]   BADGE UNREACHABLE: Could not resolve host: uptime.gpi.com (HTTP 0) — will fallback to domain
[2026-03-28 06:03:27] [HEALTH]   FALLBACK: Checking domain (ems.gpi.com) instead
[2026-03-28 06:03:27] [HEALTH]   DOWN: Badge & domain both unreachable
[2026-03-28 06:03:27] [HEALTH] Checking #3 (iBoard System) — Current: down
[2026-03-28 06:03:27] [HEALTH]   METHOD: Badge URL
[2026-03-28 06:03:27] [HEALTH]   BADGE UNREACHABLE: Could not resolve host: uptime.gpi.com (HTTP 0) — will fallback to domain
[2026-03-28 06:03:27] [HEALTH]   FALLBACK: Checking domain (iboard.gpi.com) instead
[2026-03-28 06:03:27] [HEALTH]   DOWN: Badge & domain both unreachable
[2026-03-28 06:03:27] [HEALTH] Checking #4 (LOA Monitoring System) — Current: down
[2026-03-28 06:03:27] [HEALTH]   METHOD: Badge URL
[2026-03-28 06:03:27] [HEALTH]   BADGE UNREACHABLE: Could not resolve host: uptime.gpi.com (HTTP 0) — will fallback to domain
[2026-03-28 06:03:27] [HEALTH]   FALLBACK: Checking domain (glory.lms.com.ph) instead
[2026-03-28 06:03:27] [HEALTH]   OK via domain: HTTP 200
[2026-03-28 06:03:27] [HEALTH] Checking #5 (Mold Inventory Management System) — Current: down
[2026-03-28 06:03:27] [HEALTH]   METHOD: Badge URL
[2026-03-28 06:03:27] [HEALTH]   BADGE UNREACHABLE: Could not resolve host: uptime.gpi.com (HTTP 0) — will fallback to domain
[2026-03-28 06:03:27] [HEALTH]   FALLBACK: Checking domain (mims.gpi.com) instead
[2026-03-28 06:03:27] [HEALTH]   DOWN: Badge & domain both unreachable
[2026-03-28 06:03:27] [HEALTH] Checking #6 (Parts Order Form System) — Current: down
[2026-03-28 06:03:27] [HEALTH]   METHOD: Badge URL
[2026-03-28 06:03:27] [HEALTH]   BADGE UNREACHABLE: Could not resolve host: uptime.gpi.com (HTTP 0) — will fallback to domain
[2026-03-28 06:03:27] [HEALTH]   FALLBACK: Checking domain (pofs.gpi.com) instead
[2026-03-28 06:03:27] [HEALTH]   DOWN: Badge & domain both unreachable
[2026-03-28 06:03:27] [HEALTH] Checking #7 (Production Monitoring System) — Current: down
[2026-03-28 06:03:27] [HEALTH]   METHOD: Badge URL
[2026-03-28 06:03:27] [HEALTH]   BADGE UNREACHABLE: Could not resolve host: uptime.gpi.com (HTTP 0) — will fallback to domain
[2026-03-28 06:03:27] [HEALTH]   FALLBACK: Checking domain (pms.gpi.com) instead
[2026-03-28 06:03:27] [HEALTH]   DOWN: Badge & domain both unreachable
[2026-03-28 06:03:27] [HEALTH] Checking #8 (QC - Trouble Report System) — Current: down
[2026-03-28 06:03:27] [HEALTH]   METHOD: Badge URL
[2026-03-28 06:03:27] [HEALTH]   BADGE UNREACHABLE: Could not resolve host: uptime.gpi.com (HTTP 0) — will fallback to domain
[2026-03-28 06:03:28] [HEALTH]   FALLBACK: Checking domain (qc-trs.gpi.com) instead
[2026-03-28 06:03:28] [HEALTH]   DOWN: Badge & domain both unreachable
[2026-03-28 06:03:28] [HEALTH] Checking #9 (Revision of Product Information System) — Current: down
[2026-03-28 06:03:28] [HEALTH]   METHOD: Badge URL
[2026-03-28 06:03:28] [HEALTH]   BADGE UNREACHABLE: Could not resolve host: uptime.gpi.com (HTTP 0) — will fallback to domain
[2026-03-28 06:03:28] [HEALTH]   FALLBACK: Checking domain (rpis.gpi.com) instead
[2026-03-28 06:03:28] [HEALTH]   DOWN: Badge & domain both unreachable
[2026-03-28 06:03:28] [HEALTH] Checking #10 (Production Supplies Inventory System) — Current: down
[2026-03-28 06:03:28] [HEALTH]   METHOD: Badge URL
[2026-03-28 06:03:28] [HEALTH]   BADGE UNREACHABLE: Could not resolve host: uptime.gpi.com (HTTP 0) — will fallback to domain
[2026-03-28 06:03:28] [HEALTH]   FALLBACK: Checking domain (psis.gpi.com) instead
[2026-03-28 06:03:28] [HEALTH]   DOWN: Badge & domain both unreachable
[2026-03-28 06:03:28] [HEALTH] Done: 10 checked, 0 changed
[2026-03-28 06:03:28] [HEALTH] 
[2026-03-28 06:03:37] [HEALTH] === Health check started ===
[2026-03-28 06:03:37] [HEALTH] Badge: 10 | Domain: 0 | Skipped (maintenance): 0
[2026-03-28 06:03:37] [HEALTH] Checking #1 (Document Management System) — Current: down
[2026-03-28 06:03:37] [HEALTH]   METHOD: Badge URL
[2026-03-28 06:03:37] [HEALTH]   BADGE UNREACHABLE: Could not resolve host: uptime.gpi.com (HTTP 0) — will fallback to domain
[2026-03-28 06:03:37] [HEALTH]   FALLBACK: Checking domain (dms.gpi.com) instead
[2026-03-28 06:03:37] [HEALTH]   DOWN: Badge & domain both unreachable
[2026-03-28 06:03:37] [HEALTH] Checking #2 (Equipment Monitoring System) — Current: down
[2026-03-28 06:03:37] [HEALTH]   METHOD: Badge URL
[2026-03-28 06:03:37] [HEALTH]   BADGE UNREACHABLE: Could not resolve host: uptime.gpi.com (HTTP 0) — will fallback to domain
[2026-03-28 06:03:37] [HEALTH]   FALLBACK: Checking domain (ems.gpi.com) instead
[2026-03-28 06:03:37] [HEALTH]   DOWN: Badge & domain both unreachable
[2026-03-28 06:03:37] [HEALTH] Checking #3 (iBoard System) — Current: down
[2026-03-28 06:03:37] [HEALTH]   METHOD: Badge URL
[2026-03-28 06:03:37] [HEALTH]   BADGE UNREACHABLE: Could not resolve host: uptime.gpi.com (HTTP 0) — will fallback to domain
[2026-03-28 06:03:37] [HEALTH]   FALLBACK: Checking domain (iboard.gpi.com) instead
[2026-03-28 06:03:37] [HEALTH]   DOWN: Badge & domain both unreachable
[2026-03-28 06:03:37] [HEALTH] Checking #4 (LOA Monitoring System) — Current: down
[2026-03-28 06:03:37] [HEALTH]   METHOD: Badge URL
[2026-03-28 06:03:37] [HEALTH]   BADGE UNREACHABLE: Could not resolve host: uptime.gpi.com (HTTP 0) — will fallback to domain
[2026-03-28 06:03:37] [HEALTH]   FALLBACK: Checking domain (glory.lms.com.ph) instead
[2026-03-28 06:03:37] [HEALTH]   OK via domain: HTTP 200
[2026-03-28 06:03:37] [HEALTH] Checking #5 (Mold Inventory Management System) — Current: down
[2026-03-28 06:03:37] [HEALTH]   METHOD: Badge URL
[2026-03-28 06:03:37] [HEALTH]   BADGE UNREACHABLE: Could not resolve host: uptime.gpi.com (HTTP 0) — will fallback to domain
[2026-03-28 06:03:37] [HEALTH]   FALLBACK: Checking domain (mims.gpi.com) instead
[2026-03-28 06:03:37] [HEALTH]   DOWN: Badge & domain both unreachable
[2026-03-28 06:03:37] [HEALTH] Checking #6 (Parts Order Form System) — Current: down
[2026-03-28 06:03:37] [HEALTH]   METHOD: Badge URL
[2026-03-28 06:03:37] [HEALTH]   BADGE UNREACHABLE: Could not resolve host: uptime.gpi.com (HTTP 0) — will fallback to domain
[2026-03-28 06:03:37] [HEALTH]   FALLBACK: Checking domain (pofs.gpi.com) instead
[2026-03-28 06:03:37] [HEALTH]   DOWN: Badge & domain both unreachable
[2026-03-28 06:03:37] [HEALTH] Checking #7 (Production Monitoring System) — Current: down
[2026-03-28 06:03:37] [HEALTH]   METHOD: Badge URL
[2026-03-28 06:03:37] [HEALTH]   BADGE UNREACHABLE: Could not resolve host: uptime.gpi.com (HTTP 0) — will fallback to domain
[2026-03-28 06:03:37] [HEALTH]   FALLBACK: Checking domain (pms.gpi.com) instead
[2026-03-28 06:03:37] [HEALTH]   DOWN: Badge & domain both unreachable
[2026-03-28 06:03:37] [HEALTH] Checking #8 (QC - Trouble Report System) — Current: down
[2026-03-28 06:03:37] [HEALTH]   METHOD: Badge URL
[2026-03-28 06:03:37] [HEALTH]   BADGE UNREACHABLE: Could not resolve host: uptime.gpi.com (HTTP 0) — will fallback to domain
[2026-03-28 06:03:37] [HEALTH]   FALLBACK: Checking domain (qc-trs.gpi.com) instead
[2026-03-28 06:03:38] [HEALTH]   DOWN: Badge & domain both unreachable
[2026-03-28 06:03:38] [HEALTH] Checking #9 (Revision of Product Information System) — Current: down
[2026-03-28 06:03:38] [HEALTH]   METHOD: Badge URL
[2026-03-28 06:03:38] [HEALTH]   BADGE UNREACHABLE: Could not resolve host: uptime.gpi.com (HTTP 0) — will fallback to domain
[2026-03-28 06:03:38] [HEALTH]   FALLBACK: Checking domain (rpis.gpi.com) instead
[2026-03-28 06:03:38] [HEALTH]   DOWN: Badge & domain both unreachable
[2026-03-28 06:03:38] [HEALTH] Checking #10 (Production Supplies Inventory System) — Current: down
[2026-03-28 06:03:38] [HEALTH]   METHOD: Badge URL
[2026-03-28 06:03:38] [HEALTH]   BADGE UNREACHABLE: Could not resolve host: uptime.gpi.com (HTTP 0) — will fallback to domain
[2026-03-28 06:03:38] [HEALTH]   FALLBACK: Checking domain (psis.gpi.com) instead
[2026-03-28 06:03:38] [HEALTH]   DOWN: Badge & domain both unreachable
[2026-03-28 06:03:38] [HEALTH] Done: 10 checked, 0 changed
[2026-03-28 06:03:38] [HEALTH] 
[2026-03-28 06:03:38] [MAINT] Running maintenance schedule check (db now: 2026-03-28 13:03:38)
[2026-03-28 06:03:38] [MAINT] No systems needed maintenance status update.
[2026-03-28 06:03:54] [MAINT] Running maintenance schedule check (db now: 2026-03-28 13:03:54)
[2026-03-28 06:03:54] [MAINT] No systems needed maintenance status update.
[2026-03-28 06:03:54] [HEALTH] === Health check started ===
[2026-03-28 06:03:54] [HEALTH] Badge: 10 | Domain: 0 | Skipped (maintenance): 0
[2026-03-28 06:03:54] [HEALTH] Checking #1 (Document Management System) — Current: down
[2026-03-28 06:03:54] [HEALTH]   METHOD: Badge URL
[2026-03-28 06:03:54] [HEALTH]   BADGE UNREACHABLE: Could not resolve host: uptime.gpi.com (HTTP 0) — will fallback to domain
[2026-03-28 06:03:54] [HEALTH]   FALLBACK: Checking domain (dms.gpi.com) instead
[2026-03-28 06:03:54] [HEALTH]   DOWN: Badge & domain both unreachable
[2026-03-28 06:03:54] [HEALTH] Checking #2 (Equipment Monitoring System) — Current: down
[2026-03-28 06:03:54] [HEALTH]   METHOD: Badge URL
[2026-03-28 06:03:54] [HEALTH]   BADGE UNREACHABLE: Could not resolve host: uptime.gpi.com (HTTP 0) — will fallback to domain
[2026-03-28 06:03:54] [HEALTH]   FALLBACK: Checking domain (ems.gpi.com) instead
[2026-03-28 06:03:54] [HEALTH]   DOWN: Badge & domain both unreachable
[2026-03-28 06:03:54] [HEALTH] Checking #3 (iBoard System) — Current: down
[2026-03-28 06:03:54] [HEALTH]   METHOD: Badge URL
[2026-03-28 06:03:54] [HEALTH]   BADGE UNREACHABLE: Could not resolve host: uptime.gpi.com (HTTP 0) — will fallback to domain
[2026-03-28 06:03:54] [HEALTH]   FALLBACK: Checking domain (iboard.gpi.com) instead
[2026-03-28 06:03:54] [HEALTH]   DOWN: Badge & domain both unreachable
[2026-03-28 06:03:54] [HEALTH] Checking #4 (LOA Monitoring System) — Current: down
[2026-03-28 06:03:54] [HEALTH]   METHOD: Badge URL
[2026-03-28 06:03:54] [HEALTH]   BADGE UNREACHABLE: Could not resolve host: uptime.gpi.com (HTTP 0) — will fallback to domain
[2026-03-28 06:03:54] [HEALTH]   FALLBACK: Checking domain (glory.lms.com.ph) instead
[2026-03-28 06:03:54] [HEALTH]   OK via domain: HTTP 200
[2026-03-28 06:03:54] [HEALTH] Checking #5 (Mold Inventory Management System) — Current: down
[2026-03-28 06:03:54] [HEALTH]   METHOD: Badge URL
[2026-03-28 06:03:54] [HEALTH]   BADGE UNREACHABLE: Could not resolve host: uptime.gpi.com (HTTP 0) — will fallback to domain
[2026-03-28 06:03:54] [HEALTH]   FALLBACK: Checking domain (mims.gpi.com) instead
[2026-03-28 06:03:54] [HEALTH]   DOWN: Badge & domain both unreachable
[2026-03-28 06:03:54] [HEALTH] Checking #6 (Parts Order Form System) — Current: down
[2026-03-28 06:03:54] [HEALTH]   METHOD: Badge URL
[2026-03-28 06:03:54] [HEALTH]   BADGE UNREACHABLE: Could not resolve host: uptime.gpi.com (HTTP 0) — will fallback to domain
[2026-03-28 06:03:54] [HEALTH]   FALLBACK: Checking domain (pofs.gpi.com) instead
[2026-03-28 06:03:54] [HEALTH]   DOWN: Badge & domain both unreachable
[2026-03-28 06:03:54] [HEALTH] Checking #7 (Production Monitoring System) — Current: down
[2026-03-28 06:03:54] [HEALTH]   METHOD: Badge URL
[2026-03-28 06:03:54] [HEALTH]   BADGE UNREACHABLE: Could not resolve host: uptime.gpi.com (HTTP 0) — will fallback to domain
[2026-03-28 06:03:54] [HEALTH]   FALLBACK: Checking domain (pms.gpi.com) instead
[2026-03-28 06:03:54] [HEALTH]   DOWN: Badge & domain both unreachable
[2026-03-28 06:03:54] [HEALTH] Checking #8 (QC - Trouble Report System) — Current: down
[2026-03-28 06:03:54] [HEALTH]   METHOD: Badge URL
[2026-03-28 06:03:54] [HEALTH]   BADGE UNREACHABLE: Could not resolve host: uptime.gpi.com (HTTP 0) — will fallback to domain
[2026-03-28 06:03:54] [HEALTH]   FALLBACK: Checking domain (qc-trs.gpi.com) instead
[2026-03-28 06:03:55] [HEALTH]   DOWN: Badge & domain both unreachable
[2026-03-28 06:03:55] [HEALTH] Checking #9 (Revision of Product Information System) — Current: down
[2026-03-28 06:03:55] [HEALTH]   METHOD: Badge URL
[2026-03-28 06:03:55] [HEALTH]   BADGE UNREACHABLE: Could not resolve host: uptime.gpi.com (HTTP 0) — will fallback to domain
[2026-03-28 06:03:55] [HEALTH]   FALLBACK: Checking domain (rpis.gpi.com) instead
[2026-03-28 06:03:55] [HEALTH]   DOWN: Badge & domain both unreachable
[2026-03-28 06:03:55] [HEALTH] Checking #10 (Production Supplies Inventory System) — Current: down
[2026-03-28 06:03:55] [HEALTH]   METHOD: Badge URL
[2026-03-28 06:03:55] [HEALTH]   BADGE UNREACHABLE: Could not resolve host: uptime.gpi.com (HTTP 0) — will fallback to domain
[2026-03-28 06:03:55] [HEALTH]   FALLBACK: Checking domain (psis.gpi.com) instead
[2026-03-28 06:03:55] [HEALTH]   DOWN: Badge & domain both unreachable
[2026-03-28 06:03:55] [HEALTH] Done: 10 checked, 0 changed
[2026-03-28 06:03:55] [HEALTH] 
