
================================================================================
Logged: 2026-02-28 10:47:05
To:  <test@company.com>
Subject: [G-Portal Alert] Maintenance Updated: Canteen System!@#!!#!@#!123sssadadaaasaasdadaasdadaasdADAqeqqeqewqqeqwqwqweq — testing
--------------------------------------------------------------------------------
G-PORTAL — MAINTENANCE UPDATED
============================================================

System  : Canteen System!@#!!#!@#!123sssadadaaasaasdadaasdadaasdADAqeqqeqewqqeqwqwqweq
Title   : testing
Start   : February 28, 2026 at 10:46 AM
End     : February 28, 2026 at 1:45 PM
By      : superadmin

------------------------------------------------------------
CHANGES:
  → Start time changed from February 28, 2026 at 10:46 AM to February 28, 2026 at 10:46 AM
  → End time changed from February 28, 2026 at 12:45 PM to February 28, 2026 at 1:45 PM

------------------------------------------------------------
Questions? Contact IT: 1234

============================================================
Automated notification from G-Portal. Do not reply.
Sent: February 28, 2026 at 10:47 AM

================================================================================

================================================================================
Logged: 2026-02-28 12:52:07
To:  <test@company.com>
Subject: [G-Portal Alert] Scheduled Maintenance: Canteen System!@#!!#!@#!123sssadadaaasaasdadaasdadaasdADAqeqqeqewqqeqwqwqweq — test
--------------------------------------------------------------------------------
G-PORTAL — MAINTENANCE SCHEDULED
============================================================

System  : Canteen System!@#!!#!@#!123sssadadaaasaasdadaasdadaasdADAqeqqeqewqqeqwqwqweq
Title   : test
Start   : February 28, 2026 at 12:52 PM
End     : February 28, 2026 at 2:51 PM
By      : superadmin

------------------------------------------------------------
Questions? Contact IT: 1234

============================================================
Automated notification from G-Portal. Do not reply.
Sent: February 28, 2026 at 12:52 PM

================================================================================

================================================================================
Logged: 2026-02-28 13:09:29
To:  <test@company.com>
Subject: [G-Portal Alert] Scheduled Maintenance: testing online 4.4.4.4 — test
--------------------------------------------------------------------------------
G-PORTAL — MAINTENANCE SCHEDULED
============================================================

System  : testing online 4.4.4.4
Title   : test
Start   : February 28, 2026 at 1:10 PM
End     : February 28, 2026 at 3:09 PM
By      : superadmin

------------------------------------------------------------
Questions? Contact IT: 123

============================================================
Automated notification from G-Portal. Do not reply.
Sent: February 28, 2026 at 1:09 PM

================================================================================

================================================================================
Logged: 2026-02-28 13:09:29
To:  <test@company.com>
Subject: [G-Portal Alert] Scheduled Maintenance: testing system online — test
--------------------------------------------------------------------------------
G-PORTAL — MAINTENANCE SCHEDULED
============================================================

System  : testing system online
Title   : test
Start   : February 28, 2026 at 1:10 PM
End     : February 28, 2026 at 3:09 PM
By      : superadmin

------------------------------------------------------------
Questions? Contact IT: 123

============================================================
Automated notification from G-Portal. Do not reply.
Sent: February 28, 2026 at 1:09 PM

================================================================================

================================================================================
Logged: 2026-02-28 13:09:29
To:  <test@company.com>
Subject: [G-Portal Alert] Scheduled Maintenance: Canteen System!@#!!#!@#!123sssadadaaasaasdadaasdadaasdADAqeqqeqewqqeqwqwqweq — test
--------------------------------------------------------------------------------
G-PORTAL — MAINTENANCE SCHEDULED
============================================================

System  : Canteen System!@#!!#!@#!123sssadadaaasaasdadaasdadaasdADAqeqqeqewqqeqwqwqweq
Title   : test
Start   : February 28, 2026 at 1:10 PM
End     : February 28, 2026 at 3:09 PM
By      : superadmin

------------------------------------------------------------
Questions? Contact IT: 1234

============================================================
Automated notification from G-Portal. Do not reply.
Sent: February 28, 2026 at 1:09 PM

================================================================================

================================================================================
Logged: 2026-02-28 14:17:02
To:  <test@company.com>
Subject: [G-Portal Alert] Scheduled Maintenance: TESTING 789 — TESTING
--------------------------------------------------------------------------------
G-PORTAL — MAINTENANCE SCHEDULED
============================================================

System  : TESTING 789
Title   : TESTING
Start   : February 28, 2026 at 2:17 PM
End     : February 28, 2026 at 4:16 PM
By      : superadmin

------------------------------------------------------------
Questions? Contact IT: 3333

============================================================
Automated notification from G-Portal. Do not reply.
Sent: February 28, 2026 at 2:17 PM

================================================================================

================================================================================
Logged: 2026-02-28 14:17:02
To:  <test@company.com>
Subject: [G-Portal Alert] Scheduled Maintenance: TEST456 — TESTING
--------------------------------------------------------------------------------
G-PORTAL — MAINTENANCE SCHEDULED
============================================================

System  : TEST456
Title   : TESTING
Start   : February 28, 2026 at 2:17 PM
End     : February 28, 2026 at 4:16 PM
By      : superadmin

------------------------------------------------------------
Questions? Contact IT: 123222

============================================================
Automated notification from G-Portal. Do not reply.
Sent: February 28, 2026 at 2:17 PM

================================================================================

================================================================================
Logged: 2026-02-28 14:17:02
To:  <test@company.com>
Subject: [G-Portal Alert] Scheduled Maintenance: Canteen System!@#!!#!@#!123sssadadaaasaasdadaasdadaasdADAqeqqeqewqqeqwqwqweq — TESTING
--------------------------------------------------------------------------------
G-PORTAL — MAINTENANCE SCHEDULED
============================================================

System  : Canteen System!@#!!#!@#!123sssadadaaasaasdadaasdadaasdADAqeqqeqewqqeqwqwqweq
Title   : TESTING
Start   : February 28, 2026 at 2:17 PM
End     : February 28, 2026 at 4:16 PM
By      : superadmin

------------------------------------------------------------
Questions? Contact IT: 1234

============================================================
Automated notification from G-Portal. Do not reply.
Sent: February 28, 2026 at 2:17 PM

================================================================================

================================================================================
Logged: 2026-02-28 14:29:47
To:  <test@company.com>
Subject: [G-Portal Alert] Scheduled Maintenance: TESTING 789 — TESTING
--------------------------------------------------------------------------------
G-PORTAL — MAINTENANCE SCHEDULED
============================================================

System  : TESTING 789
Title   : TESTING
Start   : February 28, 2026 at 2:30 PM
End     : February 28, 2026 at 4:29 PM
By      : superadmin

------------------------------------------------------------
Questions? Contact IT: 3333

============================================================
Automated notification from G-Portal. Do not reply.
Sent: February 28, 2026 at 2:29 PM

================================================================================

================================================================================
Logged: 2026-02-28 14:29:47
To:  <test@company.com>
Subject: [G-Portal Alert] Scheduled Maintenance: TEST456 — TESTING
--------------------------------------------------------------------------------
G-PORTAL — MAINTENANCE SCHEDULED
============================================================

System  : TEST456
Title   : TESTING
Start   : February 28, 2026 at 2:30 PM
End     : February 28, 2026 at 4:29 PM
By      : superadmin

------------------------------------------------------------
Questions? Contact IT: 123222

============================================================
Automated notification from G-Portal. Do not reply.
Sent: February 28, 2026 at 2:29 PM

================================================================================

================================================================================
Logged: 2026-02-28 14:29:47
To:  <test@company.com>
Subject: [G-Portal Alert] Scheduled Maintenance: Canteen System!@#!!#!@#!123sssadadaaasaasdadaasdadaasdADAqeqqeqewqqeqwqwqweq — TESTING
--------------------------------------------------------------------------------
G-PORTAL — MAINTENANCE SCHEDULED
============================================================

System  : Canteen System!@#!!#!@#!123sssadadaaasaasdadaasdadaasdADAqeqqeqewqqeqwqwqweq
Title   : TESTING
Start   : February 28, 2026 at 2:30 PM
End     : February 28, 2026 at 4:29 PM
By      : superadmin

------------------------------------------------------------
Questions? Contact IT: 1234

============================================================
Automated notification from G-Portal. Do not reply.
Sent: February 28, 2026 at 2:29 PM

================================================================================

================================================================================
Logged: 2026-02-28 14:52:20
To:  <test@company.com>
Subject: [G-Portal Alert] Scheduled Maintenance: Canteen System!@#!!#!@#!123sssadadaaasaasdadaasdadaasdADAqeqqeqewqqeqwqwqweq — testing maint
--------------------------------------------------------------------------------
G-PORTAL — MAINTENANCE SCHEDULED
============================================================

System  : Canteen System!@#!!#!@#!123sssadadaaasaasdadaasdadaasdADAqeqqeqewqqeqwqwqweq
Title   : testing maint
Start   : February 28, 2026 at 2:53 PM
End     : February 28, 2026 at 4:51 PM
By      : superadmin

------------------------------------------------------------
Questions? Contact IT: 1234

============================================================
Automated notification from G-Portal. Do not reply.
Sent: February 28, 2026 at 2:52 PM

================================================================================

================================================================================
Logged: 2026-03-02 08:27:37
To:  <test@company.com>
Subject: [G-Portal Alert] Scheduled Maintenance: Canteen System!@#!!#!@#!123sssadadaaasaasdadaasdadaasdADAqeqqeqewqqeqwqwqweq — tesrt
--------------------------------------------------------------------------------
G-PORTAL — MAINTENANCE SCHEDULED
============================================================

System  : Canteen System!@#!!#!@#!123sssadadaaasaasdadaasdadaasdADAqeqqeqewqqeqwqwqweq
Title   : tesrt
Start   : March 2, 2026 at 8:28 AM
End     : March 2, 2026 at 8:29 AM
By      : superadmin

------------------------------------------------------------
Questions? Contact IT: 1234

============================================================
Automated notification from G-Portal. Do not reply.
Sent: March 2, 2026 at 8:27 AM

================================================================================

================================================================================
Logged: 2026-03-02 08:27:37
To:  <test@company.com>
Subject: [G-Portal Alert] Scheduled Maintenance: TESTING 789 — tesrt
--------------------------------------------------------------------------------
G-PORTAL — MAINTENANCE SCHEDULED
============================================================

System  : TESTING 789
Title   : tesrt
Start   : March 2, 2026 at 8:28 AM
End     : March 2, 2026 at 8:29 AM
By      : superadmin

------------------------------------------------------------
Questions? Contact IT: 3333

============================================================
Automated notification from G-Portal. Do not reply.
Sent: March 2, 2026 at 8:27 AM

================================================================================

================================================================================
Logged: 2026-03-02 08:27:37
To:  <test@company.com>
Subject: [G-Portal Alert] Scheduled Maintenance: TEST456 — tesrt
--------------------------------------------------------------------------------
G-PORTAL — MAINTENANCE SCHEDULED
============================================================

System  : TEST456
Title   : tesrt
Start   : March 2, 2026 at 8:28 AM
End     : March 2, 2026 at 8:29 AM
By      : superadmin

------------------------------------------------------------
Questions? Contact IT: 123222

============================================================
Automated notification from G-Portal. Do not reply.
Sent: March 2, 2026 at 8:27 AM

================================================================================

================================================================================
Logged: 2026-03-02 12:22:12
To:  <test@company.com>
Subject: [G-Portal Alert] Scheduled Maintenance: TESTING 789 — test
--------------------------------------------------------------------------------
G-PORTAL — MAINTENANCE SCHEDULED
============================================================

System  : TESTING 789
Title   : test
Start   : March 2, 2026 at 12:23 PM
End     : March 2, 2026 at 2:21 PM
By      : superadmin

------------------------------------------------------------
Questions? Contact IT: 3333 - testingverylongnametest

============================================================
Automated notification from G-Portal. Do not reply.
Sent: March 2, 2026 at 12:22 PM

================================================================================

================================================================================
Logged: 2026-03-02 12:22:12
To:  <test@company.com>
Subject: [G-Portal Alert] Scheduled Maintenance: TEST456 — test
--------------------------------------------------------------------------------
G-PORTAL — MAINTENANCE SCHEDULED
============================================================

System  : TEST456
Title   : test
Start   : March 2, 2026 at 12:23 PM
End     : March 2, 2026 at 2:21 PM
By      : superadmin

------------------------------------------------------------
Questions? Contact IT: 123222

============================================================
Automated notification from G-Portal. Do not reply.
Sent: March 2, 2026 at 12:22 PM

================================================================================

================================================================================
Logged: 2026-03-02 12:22:12
To:  <test@company.com>
Subject: [G-Portal Alert] Scheduled Maintenance: Canteen System!@#!!#!@#!123sssadadaaasaasdadaasdadaasdADAqeqqeqewqqeqwqwqweq — test
--------------------------------------------------------------------------------
G-PORTAL — MAINTENANCE SCHEDULED
============================================================

System  : Canteen System!@#!!#!@#!123sssadadaaasaasdadaasdadaasdADAqeqqeqewqqeqwqwqweq
Title   : test
Start   : March 2, 2026 at 12:23 PM
End     : March 2, 2026 at 2:21 PM
By      : superadmin

------------------------------------------------------------
Questions? Contact IT: 1234

============================================================
Automated notification from G-Portal. Do not reply.
Sent: March 2, 2026 at 12:22 PM

================================================================================

================================================================================
Logged: 2026-03-04 12:07:04
To:  <test@company.com>
Subject: [G-Portal Alert] Scheduled Maintenance: Canteen System!@#!!#!@#!123sssadadaaasaasdadaasdadaasdADAqeqqeqewqqeqwqwqweq — test
--------------------------------------------------------------------------------
G-PORTAL — MAINTENANCE SCHEDULED
============================================================

System  : Canteen System!@#!!#!@#!123sssadadaaasaasdadaasdadaasdADAqeqqeqewqqeqwqwqweq
Title   : test
Start   : March 4, 2026 at 12:07 PM
End     : March 4, 2026 at 2:07 PM
By      : superadmin

------------------------------------------------------------
Questions? Contact IT: 1234 -testing

============================================================
Automated notification from G-Portal. Do not reply.
Sent: March 4, 2026 at 12:07 PM

================================================================================

================================================================================
Logged: 2026-03-04 12:09:34
To:  <test@company.com>
Subject: [G-Portal Alert] Scheduled Maintenance: testing 888 — test
--------------------------------------------------------------------------------
G-PORTAL — MAINTENANCE SCHEDULED
============================================================

System  : testing 888
Title   : test
Start   : March 4, 2026 at 12:10 PM
End     : March 4, 2026 at 2:09 PM
By      : superadmin

------------------------------------------------------------
Questions? Contact IT: 123-eerwewwrwer

============================================================
Automated notification from G-Portal. Do not reply.
Sent: March 4, 2026 at 12:09 PM

================================================================================

================================================================================
Logged: 2026-03-04 12:09:34
To:  <test@company.com>
Subject: [G-Portal Alert] Scheduled Maintenance: TESTING 789 — test
--------------------------------------------------------------------------------
G-PORTAL — MAINTENANCE SCHEDULED
============================================================

System  : TESTING 789
Title   : test
Start   : March 4, 2026 at 12:10 PM
End     : March 4, 2026 at 2:09 PM
By      : superadmin

------------------------------------------------------------
Questions? Contact IT: 3333 - testingverylongnametest

============================================================
Automated notification from G-Portal. Do not reply.
Sent: March 4, 2026 at 12:09 PM

================================================================================

================================================================================
Logged: 2026-03-04 12:09:34
To:  <test@company.com>
Subject: [G-Portal Alert] Scheduled Maintenance: Canteen System!@#!!#!@#!123sssadadaaasaasdadaasdadaasdADAqeqqeqewqqeqwqwqweq — test
--------------------------------------------------------------------------------
G-PORTAL — MAINTENANCE SCHEDULED
============================================================

System  : Canteen System!@#!!#!@#!123sssadadaaasaasdadaasdadaasdADAqeqqeqewqqeqwqwqweq
Title   : test
Start   : March 4, 2026 at 12:10 PM
End     : March 4, 2026 at 2:09 PM
By      : superadmin

------------------------------------------------------------
Questions? Contact IT: 1234 -testing

============================================================
Automated notification from G-Portal. Do not reply.
Sent: March 4, 2026 at 12:09 PM

================================================================================
